<?xml version="1.0" encoding="UTF-8"?>
<testng-results retried="1" ignored="1" total="6" passed="3" failed="1" skipped="0">
  <reporter-output>
  </reporter-output>
  <suite started-at="2024-12-23T17:43:10 IST" name="Suite" finished-at="2024-12-23T17:43:58 IST" duration-ms="47749">
    <groups>
      <group name="ErrorHandling">
        <method signature="ErrorValidationTest.loginwithInvalidCredentials()[pri:0, instance:muthusundar.ErrorValidationTest@3568f9d2]" name="loginwithInvalidCredentials" class="muthusundar.ErrorValidationTest"/>
      </group> <!-- ErrorHandling -->
      <group name="Purchase">
        <method signature="SubmitOrderTest.submitOrder(java.util.HashMap)[pri:0, instance:muthusundar.SubmitOrderTest@466276d8]" name="submitOrder" class="muthusundar.SubmitOrderTest"/>
      </group> <!-- Purchase -->
    </groups>
    <test started-at="2024-12-23T17:43:10 IST" name="Error Validation Test" finished-at="2024-12-23T17:43:22 IST" duration-ms="11510">
      <class name="muthusundar.ErrorValidationTest">
        <test-method is-config="true" signature="launchApplication()[pri:0, instance:muthusundar.ErrorValidationTest@3568f9d2]" started-at="2024-12-23T17:43:10 IST" name="launchApplication" finished-at="2024-12-23T17:43:16 IST" duration-ms="5299" status="PASS">
          <reporter-output>
          </reporter-output>
        </test-method> <!-- launchApplication -->
        <test-method retried="true" signature="loginwithInvalidCredentials()[pri:0, instance:muthusundar.ErrorValidationTest@3568f9d2]" started-at="2024-12-23T17:43:16 IST" name="loginwithInvalidCredentials" finished-at="2024-12-23T17:43:16 IST" duration-ms="708" status="SKIP">
          <exception class="java.lang.AssertionError">
            <message>
              <![CDATA[expected [Incorrect email or password.] but found [Incorrect email  password.]]]>
            </message>
            <full-stacktrace>
              <![CDATA[java.lang.AssertionError: expected [Incorrect email or password.] but found [Incorrect email  password.]
at org.testng.Assert.fail(Assert.java:111)
at org.testng.Assert.failNotEquals(Assert.java:1578)
at org.testng.Assert.assertEqualsImpl(Assert.java:150)
at org.testng.Assert.assertEquals(Assert.java:132)
at org.testng.Assert.assertEquals(Assert.java:656)
at org.testng.Assert.assertEquals(Assert.java:666)
at muthusundar.ErrorValidationTest.loginwithInvalidCredentials(ErrorValidationTest.java:16)
at java.base/jdk.internal.reflect.NativeMethodAccessorImpl.invoke0(Native Method)
at java.base/jdk.internal.reflect.NativeMethodAccessorImpl.invoke(NativeMethodAccessorImpl.java:77)
at java.base/jdk.internal.reflect.DelegatingMethodAccessorImpl.invoke(DelegatingMethodAccessorImpl.java:43)
at java.base/java.lang.reflect.Method.invoke(Method.java:568)
at org.testng.internal.invokers.MethodInvocationHelper.invokeMethod(MethodInvocationHelper.java:139)
at org.testng.internal.invokers.TestInvoker.invokeMethod(TestInvoker.java:664)
at org.testng.internal.invokers.TestInvoker.invokeTestMethod(TestInvoker.java:228)
at org.testng.internal.invokers.MethodRunner.runInSequence(MethodRunner.java:63)
at org.testng.internal.invokers.TestInvoker$MethodInvocationAgent.invoke(TestInvoker.java:961)
at org.testng.internal.invokers.TestInvoker.invokeTestMethods(TestInvoker.java:201)
at org.testng.internal.invokers.TestMethodWorker.invokeTestMethods(TestMethodWorker.java:148)
at org.testng.internal.invokers.TestMethodWorker.run(TestMethodWorker.java:128)
at java.base/java.util.ArrayList.forEach(ArrayList.java:1511)
at org.testng.TestRunner.privateRun(TestRunner.java:819)
at org.testng.TestRunner.run(TestRunner.java:619)
at org.testng.SuiteRunner.runTest(SuiteRunner.java:443)
at org.testng.SuiteRunner$SuiteWorker.run(SuiteRunner.java:481)
at org.testng.internal.thread.ThreadUtil.lambda$execute$0(ThreadUtil.java:58)
at java.base/java.util.concurrent.FutureTask.run(FutureTask.java:264)
at java.base/java.util.concurrent.ThreadPoolExecutor.runWorker(ThreadPoolExecutor.java:1136)
at java.base/java.util.concurrent.ThreadPoolExecutor$Worker.run(ThreadPoolExecutor.java:635)
at java.base/java.lang.Thread.run(Thread.java:840)
]]>
            </full-stacktrace>
          </exception> <!-- java.lang.AssertionError -->
          <reporter-output>
          </reporter-output>
        </test-method> <!-- loginwithInvalidCredentials -->
        <test-method is-config="true" signature="tearDown()[pri:0, instance:muthusundar.ErrorValidationTest@3568f9d2]" started-at="2024-12-23T17:43:16 IST" name="tearDown" finished-at="2024-12-23T17:43:17 IST" duration-ms="275" status="PASS">
          <reporter-output>
          </reporter-output>
        </test-method> <!-- tearDown -->
        <test-method is-config="true" signature="launchApplication()[pri:0, instance:muthusundar.ErrorValidationTest@3568f9d2]" started-at="2024-12-23T17:43:17 IST" name="launchApplication" finished-at="2024-12-23T17:43:20 IST" duration-ms="3759" status="PASS">
          <reporter-output>
          </reporter-output>
        </test-method> <!-- launchApplication -->
        <test-method signature="loginwithInvalidCredentials()[pri:0, instance:muthusundar.ErrorValidationTest@3568f9d2]" started-at="2024-12-23T17:43:20 IST" name="loginwithInvalidCredentials" finished-at="2024-12-23T17:43:21 IST" duration-ms="880" status="FAIL">
          <exception class="java.lang.AssertionError">
            <message>
              <![CDATA[expected [Incorrect email or password.] but found [Incorrect email  password.]]]>
            </message>
            <full-stacktrace>
              <![CDATA[java.lang.AssertionError: expected [Incorrect email or password.] but found [Incorrect email  password.]
at org.testng.Assert.fail(Assert.java:111)
at org.testng.Assert.failNotEquals(Assert.java:1578)
at org.testng.Assert.assertEqualsImpl(Assert.java:150)
at org.testng.Assert.assertEquals(Assert.java:132)
at org.testng.Assert.assertEquals(Assert.java:656)
at org.testng.Assert.assertEquals(Assert.java:666)
at muthusundar.ErrorValidationTest.loginwithInvalidCredentials(ErrorValidationTest.java:16)
at java.base/jdk.internal.reflect.NativeMethodAccessorImpl.invoke0(Native Method)
at java.base/jdk.internal.reflect.NativeMethodAccessorImpl.invoke(NativeMethodAccessorImpl.java:77)
at java.base/jdk.internal.reflect.DelegatingMethodAccessorImpl.invoke(DelegatingMethodAccessorImpl.java:43)
at java.base/java.lang.reflect.Method.invoke(Method.java:568)
at org.testng.internal.invokers.MethodInvocationHelper.invokeMethod(MethodInvocationHelper.java:139)
at org.testng.internal.invokers.TestInvoker.invokeMethod(TestInvoker.java:664)
at org.testng.internal.invokers.TestInvoker.retryFailed(TestInvoker.java:249)
at org.testng.internal.invokers.MethodRunner.runInSequence(MethodRunner.java:76)
at org.testng.internal.invokers.TestInvoker$MethodInvocationAgent.invoke(TestInvoker.java:961)
at org.testng.internal.invokers.TestInvoker.invokeTestMethods(TestInvoker.java:201)
at org.testng.internal.invokers.TestMethodWorker.invokeTestMethods(TestMethodWorker.java:148)
at org.testng.internal.invokers.TestMethodWorker.run(TestMethodWorker.java:128)
at java.base/java.util.ArrayList.forEach(ArrayList.java:1511)
at org.testng.TestRunner.privateRun(TestRunner.java:819)
at org.testng.TestRunner.run(TestRunner.java:619)
at org.testng.SuiteRunner.runTest(SuiteRunner.java:443)
at org.testng.SuiteRunner$SuiteWorker.run(SuiteRunner.java:481)
at org.testng.internal.thread.ThreadUtil.lambda$execute$0(ThreadUtil.java:58)
at java.base/java.util.concurrent.FutureTask.run(FutureTask.java:264)
at java.base/java.util.concurrent.ThreadPoolExecutor.runWorker(ThreadPoolExecutor.java:1136)
at java.base/java.util.concurrent.ThreadPoolExecutor$Worker.run(ThreadPoolExecutor.java:635)
at java.base/java.lang.Thread.run(Thread.java:840)
]]>
            </full-stacktrace>
          </exception> <!-- java.lang.AssertionError -->
          <reporter-output>
          </reporter-output>
        </test-method> <!-- loginwithInvalidCredentials -->
        <test-method is-config="true" signature="tearDown()[pri:0, instance:muthusundar.ErrorValidationTest@3568f9d2]" started-at="2024-12-23T17:43:22 IST" name="tearDown" finished-at="2024-12-23T17:43:22 IST" duration-ms="153" status="PASS">
          <reporter-output>
          </reporter-output>
        </test-method> <!-- tearDown -->
      </class> <!-- muthusundar.ErrorValidationTest -->
    </test> <!-- Error Validation Test -->
    <test started-at="2024-12-23T17:43:10 IST" name="Submit Order Test" finished-at="2024-12-23T17:43:58 IST" duration-ms="47749">
      <class name="muthusundar.SubmitOrderTest">
        <test-method is-config="true" signature="launchApplication()[pri:0, instance:muthusundar.SubmitOrderTest@466276d8]" started-at="2024-12-23T17:43:11 IST" name="launchApplication" finished-at="2024-12-23T17:43:17 IST" duration-ms="6091" status="PASS">
          <reporter-output>
          </reporter-output>
        </test-method> <!-- launchApplication -->
        <test-method signature="submitOrder(java.util.HashMap)[pri:0, instance:muthusundar.SubmitOrderTest@466276d8]" started-at="2024-12-23T17:43:17 IST" name="submitOrder" data-provider="getData" finished-at="2024-12-23T17:43:33 IST" duration-ms="15936" status="PASS">
          <params>
            <param index="0">
              <value>
                <![CDATA[{password=Sundar@#27, email=muthusundar044@gmail.com}]]>
              </value>
            </param>
          </params>
          <reporter-output>
          </reporter-output>
        </test-method> <!-- submitOrder -->
        <test-method is-config="true" signature="tearDown()[pri:0, instance:muthusundar.SubmitOrderTest@466276d8]" started-at="2024-12-23T17:43:33 IST" name="tearDown" finished-at="2024-12-23T17:43:33 IST" duration-ms="164" status="PASS">
          <reporter-output>
          </reporter-output>
        </test-method> <!-- tearDown -->
        <test-method is-config="true" signature="launchApplication()[pri:0, instance:muthusundar.SubmitOrderTest@466276d8]" started-at="2024-12-23T17:43:33 IST" name="launchApplication" finished-at="2024-12-23T17:43:36 IST" duration-ms="2774" status="PASS">
          <reporter-output>
          </reporter-output>
        </test-method> <!-- launchApplication -->
        <test-method signature="submitOrder(java.util.HashMap)[pri:0, instance:muthusundar.SubmitOrderTest@466276d8]" started-at="2024-12-23T17:43:36 IST" name="submitOrder" data-provider="getData" finished-at="2024-12-23T17:43:52 IST" duration-ms="16607" status="PASS">
          <params>
            <param index="0">
              <value>
                <![CDATA[{password=Sundar@#27, email=muthusundar044@gmail.com}]]>
              </value>
            </param>
          </params>
          <reporter-output>
          </reporter-output>
        </test-method> <!-- submitOrder -->
        <test-method is-config="true" signature="tearDown()[pri:0, instance:muthusundar.SubmitOrderTest@466276d8]" started-at="2024-12-23T17:43:52 IST" name="tearDown" finished-at="2024-12-23T17:43:52 IST" duration-ms="184" status="PASS">
          <reporter-output>
          </reporter-output>
        </test-method> <!-- tearDown -->
        <test-method is-config="true" signature="launchApplication()[pri:0, instance:muthusundar.SubmitOrderTest@466276d8]" started-at="2024-12-23T17:43:52 IST" name="launchApplication" finished-at="2024-12-23T17:43:57 IST" duration-ms="4650" status="PASS">
          <reporter-output>
          </reporter-output>
        </test-method> <!-- launchApplication -->
        <test-method signature="OrderHistoryTest()[pri:0, instance:muthusundar.SubmitOrderTest@466276d8]" started-at="2024-12-23T17:43:57 IST" name="OrderHistoryTest" finished-at="2024-12-23T17:43:58 IST" depends-on-methods="muthusundar.SubmitOrderTest.submitOrder" duration-ms="883" status="PASS">
          <reporter-output>
          </reporter-output>
        </test-method> <!-- OrderHistoryTest -->
        <test-method is-config="true" signature="tearDown()[pri:0, instance:muthusundar.SubmitOrderTest@466276d8]" started-at="2024-12-23T17:43:58 IST" name="tearDown" finished-at="2024-12-23T17:43:58 IST" duration-ms="129" status="PASS">
          <reporter-output>
          </reporter-output>
        </test-method> <!-- tearDown -->
      </class> <!-- muthusundar.SubmitOrderTest -->
    </test> <!-- Submit Order Test -->
  </suite> <!-- Suite -->
</testng-results>
